<?xml version="1.0" encoding="UTF-8"?>
<testsuite xmlns:xsi="http://www.w3.org/2001/XMLSchema-instance" xsi:noNamespaceSchemaLocation="https://maven.apache.org/surefire/maven-surefire-plugin/xsd/surefire-test-report-3.0.xsd" version="3.0" name="org.loose.fis.sre.services.PropertyServiceTest" time="0.294" tests="4" errors="0" skipped="0" failures="0">
  <properties>
    <property name="java.specification.version" value="18"/>
    <property name="javafx.runtime.version" value="15.0.1+1"/>
    <property name="sun.jnu.encoding" value="UTF-8"/>
    <property name="java.class.path" value="/Users/alexkosa/Desktop/SimpleBNB/target/test-classes:/Users/alexkosa/Desktop/SimpleBNB/target/classes:/Users/alexkosa/.m2/repository/org/openjfx/javafx-controls/15.0.1/javafx-controls-15.0.1.jar:/Users/alexkosa/.m2/repository/org/openjfx/javafx-controls/15.0.1/javafx-controls-15.0.1-mac.jar:/Users/alexkosa/.m2/repository/org/openjfx/javafx-graphics/15.0.1/javafx-graphics-15.0.1.jar:/Users/alexkosa/.m2/repository/org/openjfx/javafx-graphics/15.0.1/javafx-graphics-15.0.1-mac.jar:/Users/alexkosa/.m2/repository/org/openjfx/javafx-base/15.0.1/javafx-base-15.0.1.jar:/Users/alexkosa/.m2/repository/org/openjfx/javafx-base/15.0.1/javafx-base-15.0.1-mac.jar:/Users/alexkosa/.m2/repository/org/openjfx/javafx-fxml/15.0.1/javafx-fxml-15.0.1.jar:/Users/alexkosa/.m2/repository/org/openjfx/javafx-fxml/15.0.1/javafx-fxml-15.0.1-mac.jar:/Users/alexkosa/.m2/repository/org/dizitart/nitrite/3.4.3/nitrite-3.4.3.jar:/Users/alexkosa/.m2/repository/org/slf4j/slf4j-api/1.7.30/slf4j-api-1.7.30.jar:/Users/alexkosa/.m2/repository/com/h2database/h2-mvstore/1.4.200/h2-mvstore-1.4.200.jar:/Users/alexkosa/.m2/repository/org/objenesis/objenesis/2.6/objenesis-2.6.jar:/Users/alexkosa/.m2/repository/com/fasterxml/jackson/core/jackson-annotations/2.10.1/jackson-annotations-2.10.1.jar:/Users/alexkosa/.m2/repository/org/jasypt/jasypt/1.9.3/jasypt-1.9.3.jar:/Users/alexkosa/.m2/repository/com/squareup/okhttp3/okhttp/4.3.1/okhttp-4.3.1.jar:/Users/alexkosa/.m2/repository/com/squareup/okio/okio/2.4.1/okio-2.4.1.jar:/Users/alexkosa/.m2/repository/org/jetbrains/kotlin/kotlin-stdlib-common/1.3.50/kotlin-stdlib-common-1.3.50.jar:/Users/alexkosa/.m2/repository/org/jetbrains/kotlin/kotlin-stdlib/1.3.61/kotlin-stdlib-1.3.61.jar:/Users/alexkosa/.m2/repository/org/jetbrains/annotations/13.0/annotations-13.0.jar:/Users/alexkosa/.m2/repository/uk/co/jemos/podam/podam/7.2.3.RELEASE/podam-7.2.3.RELEASE.jar:/Users/alexkosa/.m2/repository/net/jcip/jcip-annotations/1.0/jcip-annotations-1.0.jar:/Users/alexkosa/.m2/repository/javax/annotation/javax.annotation-api/1.3.2/javax.annotation-api-1.3.2.jar:/Users/alexkosa/.m2/repository/javax/validation/validation-api/1.1.0.Final/validation-api-1.1.0.Final.jar:/Users/alexkosa/.m2/repository/org/apache/commons/commons-lang3/3.8.1/commons-lang3-3.8.1.jar:/Users/alexkosa/.m2/repository/com/fasterxml/jackson/core/jackson-databind/2.10.1/jackson-databind-2.10.1.jar:/Users/alexkosa/.m2/repository/com/fasterxml/jackson/core/jackson-core/2.10.1/jackson-core-2.10.1.jar:/Users/alexkosa/.m2/repository/org/testfx/testfx-core/4.0.16-alpha/testfx-core-4.0.16-alpha.jar:/Users/alexkosa/.m2/repository/org/hamcrest/hamcrest-core/1.3/hamcrest-core-1.3.jar:/Users/alexkosa/.m2/repository/org/testfx/testfx-junit5/4.0.16-alpha/testfx-junit5-4.0.16-alpha.jar:/Users/alexkosa/.m2/repository/org/junit/jupiter/junit-jupiter-api/5.5.1/junit-jupiter-api-5.5.1.jar:/Users/alexkosa/.m2/repository/org/apiguardian/apiguardian-api/1.1.0/apiguardian-api-1.1.0.jar:/Users/alexkosa/.m2/repository/org/opentest4j/opentest4j/1.2.0/opentest4j-1.2.0.jar:/Users/alexkosa/.m2/repository/org/junit/platform/junit-platform-commons/1.5.1/junit-platform-commons-1.5.1.jar:/Users/alexkosa/.m2/repository/org/assertj/assertj-core/3.13.2/assertj-core-3.13.2.jar:/Users/alexkosa/.m2/repository/commons-io/commons-io/2.8.0/commons-io-2.8.0.jar:"/>
    <property name="java.vm.vendor" value="Homebrew"/>
    <property name="sun.arch.data.model" value="64"/>
    <property name="java.vendor.url" value="https://github.com/Homebrew/homebrew-core/issues"/>
    <property name="user.timezone" value="Europe/Bucharest"/>
    <property name="javafx.version" value="15.0.1"/>
    <property name="os.name" value="Mac OS X"/>
    <property name="java.vm.specification.version" value="18"/>
    <property name="sun.java.launcher" value="SUN_STANDARD"/>
    <property name="user.country" value="RO"/>
    <property name="sun.boot.library.path" value="/usr/local/Cellar/openjdk/18/libexec/openjdk.jdk/Contents/Home/lib"/>
    <property name="sun.java.command" value="/Users/alexkosa/Desktop/SimpleBNB/target/surefire/surefirebooter17496639828123013591.jar /Users/alexkosa/Desktop/SimpleBNB/target/surefire 2023-05-23T13-32-16_749-jvmRun1 surefire13957932312428649575tmp surefire_06764887827941363292tmp"/>
    <property name="http.nonProxyHosts" value="local|*.local|169.254/16|*.169.254/16"/>
    <property name="jdk.debug" value="release"/>
    <property name="surefire.test.class.path" value="/Users/alexkosa/Desktop/SimpleBNB/target/test-classes:/Users/alexkosa/Desktop/SimpleBNB/target/classes:/Users/alexkosa/.m2/repository/org/openjfx/javafx-controls/15.0.1/javafx-controls-15.0.1.jar:/Users/alexkosa/.m2/repository/org/openjfx/javafx-controls/15.0.1/javafx-controls-15.0.1-mac.jar:/Users/alexkosa/.m2/repository/org/openjfx/javafx-graphics/15.0.1/javafx-graphics-15.0.1.jar:/Users/alexkosa/.m2/repository/org/openjfx/javafx-graphics/15.0.1/javafx-graphics-15.0.1-mac.jar:/Users/alexkosa/.m2/repository/org/openjfx/javafx-base/15.0.1/javafx-base-15.0.1.jar:/Users/alexkosa/.m2/repository/org/openjfx/javafx-base/15.0.1/javafx-base-15.0.1-mac.jar:/Users/alexkosa/.m2/repository/org/openjfx/javafx-fxml/15.0.1/javafx-fxml-15.0.1.jar:/Users/alexkosa/.m2/repository/org/openjfx/javafx-fxml/15.0.1/javafx-fxml-15.0.1-mac.jar:/Users/alexkosa/.m2/repository/org/dizitart/nitrite/3.4.3/nitrite-3.4.3.jar:/Users/alexkosa/.m2/repository/org/slf4j/slf4j-api/1.7.30/slf4j-api-1.7.30.jar:/Users/alexkosa/.m2/repository/com/h2database/h2-mvstore/1.4.200/h2-mvstore-1.4.200.jar:/Users/alexkosa/.m2/repository/org/objenesis/objenesis/2.6/objenesis-2.6.jar:/Users/alexkosa/.m2/repository/com/fasterxml/jackson/core/jackson-annotations/2.10.1/jackson-annotations-2.10.1.jar:/Users/alexkosa/.m2/repository/org/jasypt/jasypt/1.9.3/jasypt-1.9.3.jar:/Users/alexkosa/.m2/repository/com/squareup/okhttp3/okhttp/4.3.1/okhttp-4.3.1.jar:/Users/alexkosa/.m2/repository/com/squareup/okio/okio/2.4.1/okio-2.4.1.jar:/Users/alexkosa/.m2/repository/org/jetbrains/kotlin/kotlin-stdlib-common/1.3.50/kotlin-stdlib-common-1.3.50.jar:/Users/alexkosa/.m2/repository/org/jetbrains/kotlin/kotlin-stdlib/1.3.61/kotlin-stdlib-1.3.61.jar:/Users/alexkosa/.m2/repository/org/jetbrains/annotations/13.0/annotations-13.0.jar:/Users/alexkosa/.m2/repository/uk/co/jemos/podam/podam/7.2.3.RELEASE/podam-7.2.3.RELEASE.jar:/Users/alexkosa/.m2/repository/net/jcip/jcip-annotations/1.0/jcip-annotations-1.0.jar:/Users/alexkosa/.m2/repository/javax/annotation/javax.annotation-api/1.3.2/javax.annotation-api-1.3.2.jar:/Users/alexkosa/.m2/repository/javax/validation/validation-api/1.1.0.Final/validation-api-1.1.0.Final.jar:/Users/alexkosa/.m2/repository/org/apache/commons/commons-lang3/3.8.1/commons-lang3-3.8.1.jar:/Users/alexkosa/.m2/repository/com/fasterxml/jackson/core/jackson-databind/2.10.1/jackson-databind-2.10.1.jar:/Users/alexkosa/.m2/repository/com/fasterxml/jackson/core/jackson-core/2.10.1/jackson-core-2.10.1.jar:/Users/alexkosa/.m2/repository/org/testfx/testfx-core/4.0.16-alpha/testfx-core-4.0.16-alpha.jar:/Users/alexkosa/.m2/repository/org/hamcrest/hamcrest-core/1.3/hamcrest-core-1.3.jar:/Users/alexkosa/.m2/repository/org/testfx/testfx-junit5/4.0.16-alpha/testfx-junit5-4.0.16-alpha.jar:/Users/alexkosa/.m2/repository/org/junit/jupiter/junit-jupiter-api/5.5.1/junit-jupiter-api-5.5.1.jar:/Users/alexkosa/.m2/repository/org/apiguardian/apiguardian-api/1.1.0/apiguardian-api-1.1.0.jar:/Users/alexkosa/.m2/repository/org/opentest4j/opentest4j/1.2.0/opentest4j-1.2.0.jar:/Users/alexkosa/.m2/repository/org/junit/platform/junit-platform-commons/1.5.1/junit-platform-commons-1.5.1.jar:/Users/alexkosa/.m2/repository/org/assertj/assertj-core/3.13.2/assertj-core-3.13.2.jar:/Users/alexkosa/.m2/repository/commons-io/commons-io/2.8.0/commons-io-2.8.0.jar:"/>
    <property name="sun.cpu.endian" value="little"/>
    <property name="user.home" value="/Users/alexkosa"/>
    <property name="user.language" value="en"/>
    <property name="java.specification.vendor" value="Oracle Corporation"/>
    <property name="java.version.date" value="2022-03-22"/>
    <property name="java.home" value="/usr/local/Cellar/openjdk/18/libexec/openjdk.jdk/Contents/Home"/>
    <property name="file.separator" value="/"/>
    <property name="basedir" value="/Users/alexkosa/Desktop/SimpleBNB"/>
    <property name="java.vm.compressedOopsMode" value="Zero based"/>
    <property name="line.separator" value="&#10;"/>
    <property name="java.vm.specification.vendor" value="Oracle Corporation"/>
    <property name="java.specification.name" value="Java Platform API Specification"/>
    <property name="apple.awt.application.name" value="ForkedBooter"/>
    <property name="surefire.real.class.path" value="/Users/alexkosa/Desktop/SimpleBNB/target/surefire/surefirebooter17496639828123013591.jar"/>
    <property name="sun.management.compiler" value="HotSpot 64-Bit Tiered Compilers"/>
    <property name="ftp.nonProxyHosts" value="local|*.local|169.254/16|*.169.254/16"/>
    <property name="java.runtime.version" value="18+0"/>
    <property name="user.name" value="alexkosa"/>
    <property name="path.separator" value=":"/>
    <property name="os.version" value="12.5.1"/>
    <property name="java.runtime.name" value="OpenJDK Runtime Environment"/>
    <property name="file.encoding" value="UTF-8"/>
    <property name="java.vm.name" value="OpenJDK 64-Bit Server VM"/>
    <property name="java.vendor.version" value="Homebrew"/>
    <property name="localRepository" value="/Users/alexkosa/.m2/repository"/>
    <property name="java.vendor.url.bug" value="https://github.com/Homebrew/homebrew-core/issues"/>
    <property name="java.io.tmpdir" value="/var/folders/ys/_chg5_5d3216z8pyccddmq_80000gn/T/"/>
    <property name="java.version" value="18"/>
    <property name="user.dir" value="/Users/alexkosa/Desktop/SimpleBNB"/>
    <property name="os.arch" value="x86_64"/>
    <property name="java.vm.specification.name" value="Java Virtual Machine Specification"/>
    <property name="native.encoding" value="UTF-8"/>
    <property name="java.library.path" value="/Users/alexkosa/Library/Java/Extensions:/Library/Java/Extensions:/Network/Library/Java/Extensions:/System/Library/Java/Extensions:/usr/lib/java:."/>
    <property name="java.vm.info" value="mixed mode, sharing"/>
    <property name="java.vendor" value="Homebrew"/>
    <property name="java.vm.version" value="18+0"/>
    <property name="sun.io.unicode.encoding" value="UnicodeBig"/>
    <property name="socksNonProxyHosts" value="local|*.local|169.254/16|*.169.254/16"/>
    <property name="java.class.version" value="62.0"/>
  </properties>
  <testcase name="testBadReview" classname="org.loose.fis.sre.services.PropertyServiceTest" time="0.075">
    <system-out><![CDATA[Before Class
After each
]]></system-out>
  </testcase>
  <testcase name="testAddReviewToNonExistentProperty" classname="org.loose.fis.sre.services.PropertyServiceTest" time="0.065">
    <system-out><![CDATA[After each
]]></system-out>
  </testcase>
  <testcase name="testDatabaseIsInitializedAndNoUserIsPersisted" classname="org.loose.fis.sre.services.PropertyServiceTest" time="0.065">
    <system-out><![CDATA[After each
]]></system-out>
  </testcase>
  <testcase name="testAddReview" classname="org.loose.fis.sre.services.PropertyServiceTest" time="0.086">
    <system-out><![CDATA[After each
]]></system-out>
  </testcase>
</testsuite>